{"uid":"4b4757e66a1912dae1a509f688f20b0f","children":[{"name":"Product defects","children":[{"name":"1 expectation failed.\nExpected status code <400> but was <200>.\n","children":[{"name":"projShouldNotGetCreatedHaving256AlphaNumSymbolsInName","uid":"497ea3e6c9fcc694","parentUid":"3939f6cbbc4fe99ffe07188676b4bed3","status":"failed","time":{"start":1719152276408,"stop":1719152276543,"duration":135},"flaky":false,"newFailed":false,"newPassed":false,"newBroken":false,"retriesCount":0,"retriesStatusChange":false,"parameters":[],"tags":[]},{"name":"projShouldNotGetCreatedHavingNonExistentParent","uid":"6fde38bd4a9a9d63","parentUid":"3939f6cbbc4fe99ffe07188676b4bed3","status":"failed","time":{"start":1719152278109,"stop":1719152278175,"duration":66},"flaky":false,"newFailed":false,"newPassed":false,"newBroken":false,"retriesCount":0,"retriesStatusChange":false,"parameters":[],"tags":[]}],"uid":"3939f6cbbc4fe99ffe07188676b4bed3"},{"name":"1 expectation failed.\nExpected status code <400> but was <500>.\n","children":[{"name":"projShouldNotGetCreatedHavingIdEmpty","uid":"1b3d0c52e519732","parentUid":"b39edf83ec05e14ad9c1adb6193fdc09","status":"failed","time":{"start":1719152277513,"stop":1719152277557,"duration":44},"flaky":false,"newFailed":false,"newPassed":false,"newBroken":false,"retriesCount":0,"retriesStatusChange":false,"parameters":[],"tags":[]},{"name":"buildConfigShouldNotGetCreatedHavingBuildIdEmpty","uid":"3d183b70282b5bfe","parentUid":"b39edf83ec05e14ad9c1adb6193fdc09","status":"failed","time":{"start":1719152284120,"stop":1719152284399,"duration":279},"flaky":false,"newFailed":false,"newPassed":false,"newBroken":false,"retriesCount":0,"retriesStatusChange":false,"parameters":[],"tags":[]}],"uid":"b39edf83ec05e14ad9c1adb6193fdc09"},{"name":"1 expectation failed.\nResponse body doesn't match expectation.\nExpected: a string containing \"You do not have enough permissions to access project with internal id: project\"\n  Actual: Responding with error, status code: 403 (Forbidden).\nDetails: jetbrains.buildServer.serverSide.auth.AccessDeniedException: You do not have enough permissions to edit project with id: ProjectIdTestexHRrVZocd\nAccess denied. Check the user has enough permissions to perform the operation.\n","children":[{"name":"projectAdminShouldNotHaveRightsToCreateBuildConfigToAnotherProject","uid":"44358c07ebadc300","parentUid":"eee61a9a3bcc2a4d5d0859386199153c","status":"failed","time":{"start":1719152280940,"stop":1719152281235,"duration":295},"flaky":false,"newFailed":false,"newPassed":false,"newBroken":false,"retriesCount":0,"retriesStatusChange":false,"parameters":[],"tags":[]}],"uid":"eee61a9a3bcc2a4d5d0859386199153c"},{"name":"Element should have text \"Anonymous authentication has failed. The repository is either private or does not exist\" {[id=\"error_url\"]}\nElement: '<span class=\"error\" id=\"error_url\">git -c credential.helper= ls-remote origin command failed.\nexit code: 128\nstderr: fatal: could not read Username for 'https://github.com': No such device or address</span>'\nActual value: text=\"git -c credential.helper= ls-remote origin command failed.\nexit code: 128\nstderr: fatal: could not read Username for 'https://github.com': No such device or address\"\nScreenshot: file:/home/runner/work/teamcity-testing-framework/teamcity-testing-framework/target/surefire-reports/1719152411183.0.png\nPage source: file:/home/runner/work/teamcity-testing-framework/teamcity-testing-framework/target/surefire-reports/1719152411183.0.html\nTimeout: 60 s.","children":[{"name":"authorizedUserShouldNotBeAbleToCreateNewProjectFromPrivateRepository","uid":"78cafc753b858d0b","parentUid":"cc0aa0eee80ab13b3270fab705cb9351","status":"failed","time":{"start":1719152347285,"stop":1719152411304,"duration":64019},"flaky":false,"newFailed":false,"newPassed":false,"newBroken":false,"retriesCount":0,"retriesStatusChange":false,"parameters":[],"tags":[]}],"uid":"cc0aa0eee80ab13b3270fab705cb9351"},{"name":"Element not found {by text: Create build configuration}\nExpected: visible\nScreenshot: file:/home/runner/work/teamcity-testing-framework/teamcity-testing-framework/target/surefire-reports/1719152736370.1.png\nPage source: file:/home/runner/work/teamcity-testing-framework/teamcity-testing-framework/target/surefire-reports/1719152736370.1.html\nTimeout: 300 s.\nCaused by: NoSuchElementException: Unable to locate element: .//*/text()[normalize-space(translate(string(.), '","children":[{"name":"authorizedUserShouldBeAbleToCreateNewBuildConfigManually","uid":"40afcfc7cfd53a92","parentUid":"8f07d6cd1508bc09bb3749c492cd8083","status":"failed","time":{"start":1719152432313,"stop":1719152736522,"duration":304209},"flaky":false,"newFailed":true,"newPassed":false,"newBroken":false,"retriesCount":0,"retriesStatusChange":false,"parameters":[],"tags":[]}],"uid":"8f07d6cd1508bc09bb3749c492cd8083"}],"uid":"8fb3a91ba5aaf9de24cc8a92edc82b5d"}],"name":"categories"}